{"numFailedTestSuites":0,"numFailedTests":0,"numPassedTestSuites":3,"numPassedTests":8,"numPendingTestSuites":0,"numPendingTests":0,"numRuntimeErrorTestSuites":0,"numTodoTests":0,"numTotalTestSuites":3,"numTotalTests":8,"openHandles":[],"snapshot":{"added":0,"didUpdate":false,"failure":false,"filesAdded":0,"filesRemoved":0,"filesRemovedList":[],"filesUnmatched":0,"filesUpdated":0,"matched":0,"total":0,"unchecked":0,"uncheckedKeysByFile":[],"unmatched":0,"updated":0},"startTime":1660022213147,"success":true,"testResults":[{"assertionResults":[{"ancestorTitles":["format"],"failureMessages":[],"fullName":"format returns empty string for no names defined","location":null,"status":"passed","title":"returns empty string for no names defined"},{"ancestorTitles":["format"],"failureMessages":[],"fullName":"format formats just first names","location":null,"status":"passed","title":"formats just first names"},{"ancestorTitles":["format"],"failureMessages":[],"fullName":"format formats first and last names","location":null,"status":"passed","title":"formats first and last names"},{"ancestorTitles":["format"],"failureMessages":[],"fullName":"format formats first, middle and last names","location":null,"status":"passed","title":"formats first, middle and last names"}],"endTime":1660022214107,"message":"","name":"/Users/mario.hamann/Documents/GitHub/nx-stencil-bug/packages/libs/components/src/utils/utils.spec.ts","startTime":1660022213541,"status":"passed","summary":""},{"assertionResults":[{"ancestorTitles":["my-component"],"failureMessages":[],"fullName":"my-component renders","location":null,"status":"passed","title":"renders"},{"ancestorTitles":["my-component"],"failureMessages":[],"fullName":"my-component renders with values","location":null,"status":"passed","title":"renders with values"}],"endTime":1660022214116,"message":"","name":"/Users/mario.hamann/Documents/GitHub/nx-stencil-bug/packages/libs/components/src/components/my-component/my-component.spec.ts","startTime":1660022213541,"status":"passed","summary":""},{"assertionResults":[{"ancestorTitles":["my-component"],"failureMessages":[],"fullName":"my-component renders","location":null,"status":"passed","title":"renders"},{"ancestorTitles":["my-component"],"failureMessages":[],"fullName":"my-component renders changes to the name data","location":null,"status":"passed","title":"renders changes to the name data"}],"endTime":1660022215174,"message":"","name":"/Users/mario.hamann/Documents/GitHub/nx-stencil-bug/packages/libs/components/src/components/my-component/my-component.e2e.ts","startTime":1660022213541,"status":"passed","summary":""}],"wasInterrupted":false}